resolving dependencies...
looking for conflicting packages...

Packages (1) htop-3.4.1-1

Total Installed Size:  0.38 MiB
Net Upgrade Size:      0.00 MiB

checking keyring...
checking package integrity...
loading package files...
checking for file conflicts...
checking available disk space...
:: Processing package changes...
reinstalling htop...
:: Running post-transaction hooks...
(1/3) Arming ConditionNeedsUpdate...
(2/3) Updating icon theme caches...
(3/3) Updating the desktop file MIME type cache...
resolving dependencies...
looking for conflicting packages...

Packages (1) htop-3.4.1-1

Total Installed Size:  0.38 MiB
Net Upgrade Size:      0.00 MiB

checking keyring...
checking package integrity...
loading package files...
checking for file conflicts...
checking available disk space...
:: Processing package changes...
reinstalling htop...
:: Running post-transaction hooks...
(1/3) Arming ConditionNeedsUpdate...
(2/3) Updating icon theme caches...
(3/3) Updating the desktop file MIME type cache...
resolving dependencies...
looking for conflicting packages...

Packages (1) htop-3.4.1-1

Total Installed Size:  0.38 MiB
Net Upgrade Size:      0.00 MiB

checking keyring...
checking package integrity...
loading package files...
checking for file conflicts...
checking available disk space...
:: Processing package changes...
reinstalling htop...
:: Running post-transaction hooks...
(1/3) Arming ConditionNeedsUpdate...
(2/3) Updating icon theme caches...
(3/3) Updating the desktop file MIME type cache...
